<project name="stack.junit" default="junit" xmlns:ivy="antlib:org.apache.ivy.ant">
  <description>
    Runs junit on system, using tests in classes whose names start with Test*.
    Invocation: ant -f junit.build.xml
  </description>

  <import file="build.xml"/>
  <property name="junit.build.dir" location="${build.dir}/junit" />
  <property name="junit.haltonfailure" value="false"/>

  <target name="junit" depends="junit.tool, junit.report, junit.sensor" description="Runs JUnit, JunitReport"/>

  <target name="junit.tool" depends="compile" description="Run JUnit tests.">
    <mkdir dir="${junit.build.dir}" />
    <!-- Run the tests, which are all classes whose name starts with 'Test'. -->
    <junit printsummary="withOutAndErr" haltonfailure="${junit.haltonfailure}" fork="yes">
      <classpath>
        <pathelement location="${build.dir}/classes" />
        <path refid="compile.classpath"/>
      </classpath>
      <formatter type="xml" />
      <batchtest todir="${junit.build.dir}">
        <fileset dir="${src.dir}" includes="**/Test*.java"/>
      </batchtest>
    </junit>
  </target>

  <target name="junit.report" description="Generates an HTML report for JUnit.">
    <taskdef name="junitreport" 
      classname="org.apache.tools.ant.taskdefs.optional.junit.XMLResultAggregator" />
    <junitreport todir="${junit.build.dir}">
      <fileset dir="${junit.build.dir}" includes="TEST-*.xml"/>
      <report format="frames" todir="${junit.build.dir}" />
    </junitreport>
  </target>
  
  <target name="junit.sensor" description="Sends UnitTest data to Hackystat using the JUnit sensor.">
    <ivy:retrieve module="hackystat" organisation="org.hackystat" revision="${hackystat.version}" pattern="${lib.dir}/hackystat/[artifact].[ext]" sync="true" inline="true" log="download-only" conf="ant" transitive="false" type="jar"/>
    <taskdef resource="antlib.xml" classpath="${lib.dir}/hackystat/antsensors.jar" />

    <!-- Send JUnit test data to Hackystat using the JUnit sensor. -->
    <hacky-junit verbose="${hackystat.verbose.mode}" failOnError="true">
      <sourcefiles>
        <fileset dir="${src.dir}" includes="**/*.java"/>
      </sourcefiles>
      <datafiles>
        <fileset dir="${junit.build.dir}" includes="TEST-*.xml" />
      </datafiles>
    </hacky-junit>
  </target>
</project>



