<project name="junit" default="junit">
  <description>
  Provides the JUnit tool and the Hackystat JUnit sensor.
  </description>

  <import file="build.xml"/>
  <property name="junit.dir" location="${build.dir}/junit" />

  <target name="junit" depends="junit.tool, junit.report" description="Runs JUnit, JunitReport">
     <fail if="junit.failed">JUnit test case(s) failed.</fail>
  </target>   

  <target name="junit.tool" depends="compile" description="Run JUnit tests.">
    <mkdir dir="${junit.dir}" />
    <!-- Run the tests, which are all classes whose name starts with 'Test'. -->
    <!-- Fork is on until I can figure out how to stop the sensorbase and unbind the port. -->
    <!-- Note that emma is forking in its JUnit as well. --> 
    <junit printsummary="withOutAndErr" haltonfailure="${junit.haltonfailure}" fork="yes" failureproperty="junit.failed">
      <classpath>
        <pathelement location="${build.dir}/classes" />
        <path refid="compile.classpath"/>
      </classpath>
      <formatter type="xml" />
      <batchtest todir="${junit.dir}">
        <fileset dir="${src.dir}" includes="**/Test*.java"/>
      </batchtest>
    </junit>
  </target>  

  <target name="junit.report" description="Generates an HTML report for JUnit.">
    <taskdef name="junitreport" classname="org.apache.tools.ant.taskdefs.optional.junit.XMLResultAggregator" />
    <junitreport todir="${junit.dir}">
      <fileset dir="${junit.dir}" includes="TEST-*.xml"/>
      <report format="frames" todir="${junit.dir}" />
    </junitreport>
  </target>
    
  <target name="junit.sensor" description="Sends UnitTest data to Hackystat using the JUnit sensor.">
    <!-- Define the junit sensor taskdef, failing the build if the sensor is not installed. -->
    <available classname="org.hackystat.sensor.junit.JUnitSensor" property="junit.sensor.available"/>
    <fail unless="junit.sensor.available" message="Error: JUnit sensor not installed."/>
    <taskdef name="hacky-junit" classname="org.hackystat.sensor.junit.JUnitSensor" />

    <!-- Send JUnit test data to hackystat using the JUnit sensor. -->
    <hacky-junit verbose="${hackystat.verbose.mode}" 
                 sourcePath="${src.dir}">
      <fileset dir="${junit.dir}" includes="TEST-*.xml"/>
    </hacky-junit>
  </target>
</project>



